{"/home/jheel/Desktop/sim/backend/controller/notificationController.js": {"path":"/home/jheel/Desktop/sim/backend/controller/notificationController.js","statementMap":{"0":{"start":{"line":1,"column":58},"end":{"line":1,"column":85}},"1":{"start":{"line":2,"column":15},"end":{"line":2,"column":35}},"2":{"start":{"line":3,"column":12},"end":{"line":3,"column":30}},"3":{"start":{"line":4,"column":11},"end":{"line":4,"column":24}},"4":{"start":{"line":5,"column":24},"end":{"line":5,"column":67}},"5":{"start":{"line":7,"column":27},"end":{"line":84,"column":1}},"6":{"start":{"line":8,"column":4},"end":{"line":83,"column":5}},"7":{"start":{"line":9,"column":8},"end":{"line":11,"column":11}},"8":{"start":{"line":13,"column":20},"end":{"line":13,"column":33}},"9":{"start":{"line":15,"column":34},"end":{"line":15,"column":36}},"10":{"start":{"line":17,"column":37},"end":{"line":27,"column":10}},"11":{"start":{"line":29,"column":8},"end":{"line":79,"column":9}},"12":{"start":{"line":30,"column":26},"end":{"line":34,"column":14}},"13":{"start":{"line":36,"column":32},"end":{"line":36,"column":62}},"14":{"start":{"line":38,"column":30},"end":{"line":45,"column":14}},"15":{"start":{"line":48,"column":12},"end":{"line":52,"column":17}},"16":{"start":{"line":48,"column":78},"end":{"line":52,"column":13}},"17":{"start":{"line":54,"column":35},"end":{"line":54,"column":71}},"18":{"start":{"line":56,"column":32},"end":{"line":72,"column":13}},"19":{"start":{"line":57,"column":48},"end":{"line":57,"column":55}},"20":{"start":{"line":60,"column":51},"end":{"line":60,"column":58}},"21":{"start":{"line":74,"column":12},"end":{"line":74,"column":58}},"22":{"start":{"line":76,"column":12},"end":{"line":76,"column":85}},"23":{"start":{"line":78,"column":12},"end":{"line":78,"column":39}},"24":{"start":{"line":82,"column":8},"end":{"line":82,"column":78}},"25":{"start":{"line":86,"column":0},"end":{"line":88,"column":2}}},"fnMap":{"0":{"name":"(anonymous_0)","decl":{"start":{"line":7,"column":27},"end":{"line":7,"column":28}},"loc":{"start":{"line":7,"column":39},"end":{"line":84,"column":1}},"line":7},"1":{"name":"(anonymous_1)","decl":{"start":{"line":48,"column":66},"end":{"line":48,"column":67}},"loc":{"start":{"line":48,"column":78},"end":{"line":52,"column":13}},"line":48},"2":{"name":"(anonymous_2)","decl":{"start":{"line":57,"column":40},"end":{"line":57,"column":41}},"loc":{"start":{"line":57,"column":48},"end":{"line":57,"column":55}},"line":57},"3":{"name":"(anonymous_3)","decl":{"start":{"line":60,"column":43},"end":{"line":60,"column":44}},"loc":{"start":{"line":60,"column":51},"end":{"line":60,"column":58}},"line":60}},"branchMap":{"0":{"loc":{"start":{"line":29,"column":8},"end":{"line":79,"column":9}},"type":"if","locations":[{"start":{"line":29,"column":8},"end":{"line":79,"column":9}},{"start":{},"end":{}}],"line":29}},"s":{"0":1,"1":1,"2":1,"3":1,"4":1,"5":1,"6":3,"7":3,"8":3,"9":3,"10":3,"11":2,"12":1,"13":1,"14":1,"15":1,"16":2,"17":1,"18":1,"19":2,"20":2,"21":1,"22":1,"23":1,"24":1,"25":1},"f":{"0":3,"1":2,"2":2,"3":2},"b":{"0":[1,1]},"_coverageSchema":"1a1c01bbd47fc00a2c39e90264f33305004495a9","hash":"e7f5137d05cea7e2e66ff26de0aac80749e62d44"}
,"/home/jheel/Desktop/sim/backend/controller/productController.js": {"path":"/home/jheel/Desktop/sim/backend/controller/productController.js","statementMap":{"0":{"start":{"line":1,"column":81},"end":{"line":1,"column":108}},"1":{"start":{"line":3,"column":21},"end":{"line":11,"column":1}},"2":{"start":{"line":4,"column":2},"end":{"line":10,"column":3}},"3":{"start":{"line":5,"column":21},"end":{"line":5,"column":44}},"4":{"start":{"line":6,"column":4},"end":{"line":6,"column":42}},"5":{"start":{"line":8,"column":4},"end":{"line":8,"column":55}},"6":{"start":{"line":9,"column":4},"end":{"line":9,"column":56}},"7":{"start":{"line":13,"column":19},"end":{"line":25,"column":1}},"8":{"start":{"line":14,"column":2},"end":{"line":24,"column":3}},"9":{"start":{"line":15,"column":17},"end":{"line":15,"column":27}},"10":{"start":{"line":16,"column":20},"end":{"line":16,"column":46}},"11":{"start":{"line":17,"column":4},"end":{"line":19,"column":5}},"12":{"start":{"line":18,"column":6},"end":{"line":18,"column":65}},"13":{"start":{"line":20,"column":4},"end":{"line":20,"column":34}},"14":{"start":{"line":22,"column":4},"end":{"line":22,"column":52}},"15":{"start":{"line":23,"column":4},"end":{"line":23,"column":56}},"16":{"start":{"line":28,"column":56},"end":{"line":28,"column":64}},"17":{"start":{"line":30,"column":4},"end":{"line":47,"column":5}},"18":{"start":{"line":31,"column":6},"end":{"line":43,"column":9}},"19":{"start":{"line":32,"column":24},"end":{"line":35,"column":9}},"20":{"start":{"line":37,"column":8},"end":{"line":40,"column":10}},"21":{"start":{"line":42,"column":8},"end":{"line":42,"column":38}},"22":{"start":{"line":45,"column":6},"end":{"line":45,"column":55}},"23":{"start":{"line":46,"column":6},"end":{"line":46,"column":63}},"24":{"start":{"line":50,"column":22},"end":{"line":71,"column":1}},"25":{"start":{"line":51,"column":4},"end":{"line":70,"column":5}},"26":{"start":{"line":52,"column":21},"end":{"line":52,"column":31}},"27":{"start":{"line":53,"column":68},"end":{"line":53,"column":76}},"28":{"start":{"line":54,"column":24},"end":{"line":54,"column":50}},"29":{"start":{"line":55,"column":8},"end":{"line":57,"column":9}},"30":{"start":{"line":56,"column":12},"end":{"line":56,"column":71}},"31":{"start":{"line":58,"column":8},"end":{"line":64,"column":11}},"32":{"start":{"line":65,"column":8},"end":{"line":65,"column":45}},"33":{"start":{"line":68,"column":8},"end":{"line":68,"column":56}},"34":{"start":{"line":69,"column":8},"end":{"line":69,"column":60}},"35":{"start":{"line":74,"column":22},"end":{"line":74,"column":35}},"36":{"start":{"line":76,"column":4},"end":{"line":86,"column":5}},"37":{"start":{"line":77,"column":22},"end":{"line":77,"column":55}},"38":{"start":{"line":78,"column":6},"end":{"line":80,"column":7}},"39":{"start":{"line":79,"column":8},"end":{"line":79,"column":68}},"40":{"start":{"line":81,"column":6},"end":{"line":81,"column":30}},"41":{"start":{"line":82,"column":6},"end":{"line":82,"column":36}},"42":{"start":{"line":84,"column":6},"end":{"line":84,"column":57}},"43":{"start":{"line":85,"column":6},"end":{"line":85,"column":73}},"44":{"start":{"line":90,"column":0},"end":{"line":96,"column":2}}},"fnMap":{"0":{"name":"(anonymous_0)","decl":{"start":{"line":3,"column":21},"end":{"line":3,"column":22}},"loc":{"start":{"line":3,"column":41},"end":{"line":11,"column":1}},"line":3},"1":{"name":"(anonymous_1)","decl":{"start":{"line":13,"column":19},"end":{"line":13,"column":20}},"loc":{"start":{"line":13,"column":39},"end":{"line":25,"column":1}},"line":13},"2":{"name":"addProduct","decl":{"start":{"line":27,"column":15},"end":{"line":27,"column":25}},"loc":{"start":{"line":27,"column":36},"end":{"line":48,"column":3}},"line":27},"3":{"name":"(anonymous_3)","decl":{"start":{"line":31,"column":34},"end":{"line":31,"column":35}},"loc":{"start":{"line":31,"column":47},"end":{"line":43,"column":7}},"line":31},"4":{"name":"(anonymous_4)","decl":{"start":{"line":50,"column":22},"end":{"line":50,"column":23}},"loc":{"start":{"line":50,"column":42},"end":{"line":71,"column":1}},"line":50},"5":{"name":"deleteProduct","decl":{"start":{"line":73,"column":15},"end":{"line":73,"column":28}},"loc":{"start":{"line":73,"column":39},"end":{"line":87,"column":3}},"line":73}},"branchMap":{"0":{"loc":{"start":{"line":17,"column":4},"end":{"line":19,"column":5}},"type":"if","locations":[{"start":{"line":17,"column":4},"end":{"line":19,"column":5}},{"start":{},"end":{}}],"line":17},"1":{"loc":{"start":{"line":55,"column":8},"end":{"line":57,"column":9}},"type":"if","locations":[{"start":{"line":55,"column":8},"end":{"line":57,"column":9}},{"start":{},"end":{}}],"line":55},"2":{"loc":{"start":{"line":78,"column":6},"end":{"line":80,"column":7}},"type":"if","locations":[{"start":{"line":78,"column":6},"end":{"line":80,"column":7}},{"start":{},"end":{}}],"line":78}},"s":{"0":1,"1":1,"2":2,"3":2,"4":1,"5":1,"6":1,"7":1,"8":3,"9":3,"10":3,"11":2,"12":1,"13":1,"14":1,"15":1,"16":2,"17":2,"18":2,"19":1,"20":1,"21":1,"22":1,"23":1,"24":1,"25":2,"26":2,"27":2,"28":2,"29":2,"30":1,"31":1,"32":1,"33":0,"34":0,"35":3,"36":3,"37":3,"38":2,"39":1,"40":1,"41":1,"42":1,"43":1,"44":1},"f":{"0":2,"1":3,"2":2,"3":1,"4":2,"5":3},"b":{"0":[1,1],"1":[1,1],"2":[1,1]},"_coverageSchema":"1a1c01bbd47fc00a2c39e90264f33305004495a9","hash":"5adcc7d62fd1f356ed6398291f89d48c898b64ed"}
,"/home/jheel/Desktop/sim/backend/controller/purchaseController.js": {"path":"/home/jheel/Desktop/sim/backend/controller/purchaseController.js","statementMap":{"0":{"start":{"line":1,"column":63},"end":{"line":1,"column":90}},"1":{"start":{"line":2,"column":15},"end":{"line":2,"column":35}},"2":{"start":{"line":4,"column":22},"end":{"line":30,"column":1}},"3":{"start":{"line":5,"column":4},"end":{"line":29,"column":5}},"4":{"start":{"line":7,"column":26},"end":{"line":7,"column":50}},"5":{"start":{"line":8,"column":29},"end":{"line":12,"column":12}},"6":{"start":{"line":13,"column":32},"end":{"line":20,"column":21}},"7":{"start":{"line":14,"column":31},"end":{"line":14,"column":46}},"8":{"start":{"line":15,"column":12},"end":{"line":17,"column":13}},"9":{"start":{"line":16,"column":16},"end":{"line":16,"column":40}},"10":{"start":{"line":18,"column":12},"end":{"line":18,"column":45}},"11":{"start":{"line":19,"column":12},"end":{"line":19,"column":23}},"12":{"start":{"line":21,"column":42},"end":{"line":24,"column":11}},"13":{"start":{"line":21,"column":69},"end":{"line":24,"column":9}},"14":{"start":{"line":25,"column":8},"end":{"line":25,"column":63}},"15":{"start":{"line":27,"column":8},"end":{"line":27,"column":79}},"16":{"start":{"line":28,"column":8},"end":{"line":28,"column":62}},"17":{"start":{"line":32,"column":20},"end":{"line":51,"column":1}},"18":{"start":{"line":33,"column":4},"end":{"line":50,"column":5}},"19":{"start":{"line":34,"column":23},"end":{"line":34,"column":33}},"20":{"start":{"line":35,"column":25},"end":{"line":35,"column":52}},"21":{"start":{"line":36,"column":8},"end":{"line":38,"column":9}},"22":{"start":{"line":37,"column":12},"end":{"line":37,"column":74}},"23":{"start":{"line":39,"column":8},"end":{"line":39,"column":37}},"24":{"start":{"line":40,"column":29},"end":{"line":40,"column":46}},"25":{"start":{"line":41,"column":8},"end":{"line":45,"column":11}},"26":{"start":{"line":46,"column":8},"end":{"line":46,"column":43}},"27":{"start":{"line":48,"column":8},"end":{"line":48,"column":59}},"28":{"start":{"line":49,"column":8},"end":{"line":49,"column":62}},"29":{"start":{"line":53,"column":20},"end":{"line":93,"column":1}},"30":{"start":{"line":54,"column":4},"end":{"line":92,"column":5}},"31":{"start":{"line":55,"column":44},"end":{"line":55,"column":52}},"32":{"start":{"line":56,"column":26},"end":{"line":56,"column":36}},"33":{"start":{"line":57,"column":29},"end":{"line":57,"column":38}},"34":{"start":{"line":58,"column":18},"end":{"line":58,"column":47}},"35":{"start":{"line":60,"column":8},"end":{"line":88,"column":9}},"36":{"start":{"line":62,"column":32},"end":{"line":66,"column":34}},"37":{"start":{"line":69,"column":12},"end":{"line":77,"column":13}},"38":{"start":{"line":70,"column":16},"end":{"line":76,"column":39}},"39":{"start":{"line":80,"column":12},"end":{"line":80,"column":29}},"40":{"start":{"line":82,"column":12},"end":{"line":82,"column":53}},"41":{"start":{"line":85,"column":12},"end":{"line":85,"column":31}},"42":{"start":{"line":86,"column":12},"end":{"line":86,"column":62}},"43":{"start":{"line":87,"column":12},"end":{"line":87,"column":78}},"44":{"start":{"line":90,"column":8},"end":{"line":90,"column":58}},"45":{"start":{"line":91,"column":8},"end":{"line":91,"column":74}},"46":{"start":{"line":95,"column":24},"end":{"line":130,"column":1}},"47":{"start":{"line":96,"column":4},"end":{"line":129,"column":5}},"48":{"start":{"line":97,"column":23},"end":{"line":97,"column":33}},"49":{"start":{"line":98,"column":18},"end":{"line":98,"column":47}},"50":{"start":{"line":99,"column":8},"end":{"line":125,"column":9}},"51":{"start":{"line":100,"column":29},"end":{"line":100,"column":56}},"52":{"start":{"line":101,"column":12},"end":{"line":104,"column":13}},"53":{"start":{"line":102,"column":16},"end":{"line":102,"column":35}},"54":{"start":{"line":103,"column":16},"end":{"line":103,"column":78}},"55":{"start":{"line":105,"column":32},"end":{"line":105,"column":81}},"56":{"start":{"line":106,"column":37},"end":{"line":111,"column":14}},"57":{"start":{"line":112,"column":12},"end":{"line":115,"column":13}},"58":{"start":{"line":113,"column":16},"end":{"line":113,"column":35}},"59":{"start":{"line":114,"column":16},"end":{"line":114,"column":87}},"60":{"start":{"line":116,"column":12},"end":{"line":116,"column":62}},"61":{"start":{"line":117,"column":12},"end":{"line":117,"column":42}},"62":{"start":{"line":118,"column":12},"end":{"line":118,"column":48}},"63":{"start":{"line":119,"column":12},"end":{"line":119,"column":34}},"64":{"start":{"line":120,"column":12},"end":{"line":120,"column":29}},"65":{"start":{"line":121,"column":12},"end":{"line":121,"column":50}},"66":{"start":{"line":123,"column":12},"end":{"line":123,"column":31}},"67":{"start":{"line":124,"column":12},"end":{"line":124,"column":24}},"68":{"start":{"line":127,"column":8},"end":{"line":127,"column":59}},"69":{"start":{"line":128,"column":8},"end":{"line":128,"column":62}},"70":{"start":{"line":133,"column":0},"end":{"line":138,"column":2}}},"fnMap":{"0":{"name":"(anonymous_0)","decl":{"start":{"line":4,"column":22},"end":{"line":4,"column":23}},"loc":{"start":{"line":4,"column":42},"end":{"line":30,"column":1}},"line":4},"1":{"name":"(anonymous_1)","decl":{"start":{"line":13,"column":52},"end":{"line":13,"column":53}},"loc":{"start":{"line":13,"column":69},"end":{"line":20,"column":9}},"line":13},"2":{"name":"(anonymous_2)","decl":{"start":{"line":21,"column":56},"end":{"line":21,"column":57}},"loc":{"start":{"line":21,"column":69},"end":{"line":24,"column":9}},"line":21},"3":{"name":"(anonymous_3)","decl":{"start":{"line":32,"column":20},"end":{"line":32,"column":21}},"loc":{"start":{"line":32,"column":40},"end":{"line":51,"column":1}},"line":32},"4":{"name":"(anonymous_4)","decl":{"start":{"line":53,"column":20},"end":{"line":53,"column":21}},"loc":{"start":{"line":53,"column":40},"end":{"line":93,"column":1}},"line":53},"5":{"name":"(anonymous_5)","decl":{"start":{"line":95,"column":24},"end":{"line":95,"column":25}},"loc":{"start":{"line":95,"column":44},"end":{"line":130,"column":1}},"line":95}},"branchMap":{"0":{"loc":{"start":{"line":15,"column":12},"end":{"line":17,"column":13}},"type":"if","locations":[{"start":{"line":15,"column":12},"end":{"line":17,"column":13}},{"start":{},"end":{}}],"line":15},"1":{"loc":{"start":{"line":23,"column":26},"end":{"line":23,"column":64}},"type":"binary-expr","locations":[{"start":{"line":23,"column":26},"end":{"line":23,"column":58}},{"start":{"line":23,"column":62},"end":{"line":23,"column":64}}],"line":23},"2":{"loc":{"start":{"line":36,"column":8},"end":{"line":38,"column":9}},"type":"if","locations":[{"start":{"line":36,"column":8},"end":{"line":38,"column":9}},{"start":{},"end":{}}],"line":36},"3":{"loc":{"start":{"line":101,"column":12},"end":{"line":104,"column":13}},"type":"if","locations":[{"start":{"line":101,"column":12},"end":{"line":104,"column":13}},{"start":{},"end":{}}],"line":101},"4":{"loc":{"start":{"line":112,"column":12},"end":{"line":115,"column":13}},"type":"if","locations":[{"start":{"line":112,"column":12},"end":{"line":115,"column":13}},{"start":{},"end":{}}],"line":112}},"s":{"0":1,"1":1,"2":1,"3":2,"4":2,"5":1,"6":1,"7":2,"8":2,"9":2,"10":2,"11":2,"12":1,"13":2,"14":1,"15":1,"16":1,"17":1,"18":3,"19":3,"20":3,"21":2,"22":1,"23":1,"24":1,"25":1,"26":1,"27":1,"28":1,"29":1,"30":2,"31":2,"32":2,"33":2,"34":2,"35":2,"36":2,"37":1,"38":2,"39":1,"40":1,"41":1,"42":1,"43":1,"44":0,"45":0,"46":1,"47":4,"48":4,"49":4,"50":4,"51":4,"52":3,"53":1,"54":1,"55":2,"56":2,"57":2,"58":1,"59":1,"60":1,"61":1,"62":1,"63":1,"64":1,"65":1,"66":1,"67":1,"68":1,"69":1,"70":1},"f":{"0":2,"1":2,"2":2,"3":3,"4":2,"5":4},"b":{"0":[2,0],"1":[2,0],"2":[1,1],"3":[1,2],"4":[1,1]},"_coverageSchema":"1a1c01bbd47fc00a2c39e90264f33305004495a9","hash":"036d88d907b865def0e1d0bfd1bc7999d966fc20"}
,"/home/jheel/Desktop/sim/backend/controller/supplierController.js": {"path":"/home/jheel/Desktop/sim/backend/controller/supplierController.js","statementMap":{"0":{"start":{"line":1,"column":21},"end":{"line":1,"column":48}},"1":{"start":{"line":3,"column":22},"end":{"line":11,"column":1}},"2":{"start":{"line":4,"column":4},"end":{"line":10,"column":5}},"3":{"start":{"line":5,"column":26},"end":{"line":5,"column":50}},"4":{"start":{"line":6,"column":8},"end":{"line":6,"column":47}},"5":{"start":{"line":8,"column":8},"end":{"line":8,"column":60}},"6":{"start":{"line":9,"column":8},"end":{"line":9,"column":62}},"7":{"start":{"line":13,"column":20},"end":{"line":25,"column":1}},"8":{"start":{"line":14,"column":4},"end":{"line":24,"column":5}},"9":{"start":{"line":15,"column":23},"end":{"line":15,"column":33}},"10":{"start":{"line":16,"column":25},"end":{"line":16,"column":52}},"11":{"start":{"line":17,"column":8},"end":{"line":19,"column":9}},"12":{"start":{"line":18,"column":12},"end":{"line":18,"column":74}},"13":{"start":{"line":20,"column":8},"end":{"line":20,"column":39}},"14":{"start":{"line":22,"column":8},"end":{"line":22,"column":56}},"15":{"start":{"line":23,"column":8},"end":{"line":23,"column":62}},"16":{"start":{"line":27,"column":20},"end":{"line":41,"column":1}},"17":{"start":{"line":28,"column":55},"end":{"line":28,"column":63}},"18":{"start":{"line":29,"column":4},"end":{"line":40,"column":5}},"19":{"start":{"line":30,"column":28},"end":{"line":35,"column":10}},"20":{"start":{"line":36,"column":8},"end":{"line":36,"column":42}},"21":{"start":{"line":38,"column":8},"end":{"line":38,"column":58}},"22":{"start":{"line":39,"column":8},"end":{"line":39,"column":66}},"23":{"start":{"line":43,"column":23},"end":{"line":62,"column":1}},"24":{"start":{"line":44,"column":4},"end":{"line":61,"column":5}},"25":{"start":{"line":45,"column":21},"end":{"line":45,"column":31}},"26":{"start":{"line":46,"column":59},"end":{"line":46,"column":67}},"27":{"start":{"line":47,"column":25},"end":{"line":47,"column":52}},"28":{"start":{"line":48,"column":8},"end":{"line":50,"column":9}},"29":{"start":{"line":49,"column":12},"end":{"line":49,"column":72}},"30":{"start":{"line":51,"column":8},"end":{"line":56,"column":11}},"31":{"start":{"line":57,"column":8},"end":{"line":57,"column":46}},"32":{"start":{"line":59,"column":8},"end":{"line":59,"column":57}},"33":{"start":{"line":60,"column":8},"end":{"line":60,"column":60}},"34":{"start":{"line":64,"column":0},"end":{"line":69,"column":1}}},"fnMap":{"0":{"name":"(anonymous_0)","decl":{"start":{"line":3,"column":22},"end":{"line":3,"column":23}},"loc":{"start":{"line":3,"column":42},"end":{"line":11,"column":1}},"line":3},"1":{"name":"(anonymous_1)","decl":{"start":{"line":13,"column":20},"end":{"line":13,"column":21}},"loc":{"start":{"line":13,"column":40},"end":{"line":25,"column":1}},"line":13},"2":{"name":"(anonymous_2)","decl":{"start":{"line":27,"column":20},"end":{"line":27,"column":21}},"loc":{"start":{"line":27,"column":40},"end":{"line":41,"column":1}},"line":27},"3":{"name":"(anonymous_3)","decl":{"start":{"line":43,"column":23},"end":{"line":43,"column":24}},"loc":{"start":{"line":43,"column":43},"end":{"line":62,"column":1}},"line":43}},"branchMap":{"0":{"loc":{"start":{"line":17,"column":8},"end":{"line":19,"column":9}},"type":"if","locations":[{"start":{"line":17,"column":8},"end":{"line":19,"column":9}},{"start":{},"end":{}}],"line":17},"1":{"loc":{"start":{"line":48,"column":8},"end":{"line":50,"column":9}},"type":"if","locations":[{"start":{"line":48,"column":8},"end":{"line":50,"column":9}},{"start":{},"end":{}}],"line":48}},"s":{"0":1,"1":1,"2":2,"3":2,"4":1,"5":1,"6":1,"7":1,"8":3,"9":3,"10":3,"11":2,"12":1,"13":1,"14":1,"15":1,"16":1,"17":2,"18":2,"19":2,"20":1,"21":1,"22":1,"23":1,"24":3,"25":3,"26":3,"27":3,"28":3,"29":1,"30":2,"31":1,"32":1,"33":1,"34":1},"f":{"0":2,"1":3,"2":2,"3":3},"b":{"0":[1,1],"1":[1,2]},"_coverageSchema":"1a1c01bbd47fc00a2c39e90264f33305004495a9","hash":"b037f50b6de406c372abcda8bc45da02d4583ace"}
,"/home/jheel/Desktop/sim/backend/models/models.js": {"path":"/home/jheel/Desktop/sim/backend/models/models.js","statementMap":{"0":{"start":{"line":2,"column":33},"end":{"line":2,"column":53}},"1":{"start":{"line":4,"column":18},"end":{"line":7,"column":2}},"2":{"start":{"line":9,"column":17},"end":{"line":25,"column":2}},"3":{"start":{"line":27,"column":16},"end":{"line":52,"column":2}},"4":{"start":{"line":53,"column":0},"end":{"line":57,"column":3}},"5":{"start":{"line":60,"column":17},"end":{"line":89,"column":2}},"6":{"start":{"line":91,"column":17},"end":{"line":120,"column":2}},"7":{"start":{"line":122,"column":18},"end":{"line":147,"column":2}},"8":{"start":{"line":149,"column":24},"end":{"line":165,"column":2}},"9":{"start":{"line":167,"column":16},"end":{"line":189,"column":2}},"10":{"start":{"line":190,"column":0},"end":{"line":194,"column":3}},"11":{"start":{"line":196,"column":25},"end":{"line":227,"column":2}},"12":{"start":{"line":228,"column":0},"end":{"line":228,"column":63}},"13":{"start":{"line":229,"column":0},"end":{"line":229,"column":67}},"14":{"start":{"line":231,"column":20},"end":{"line":247,"column":2}},"15":{"start":{"line":249,"column":17},"end":{"line":266,"column":2}},"16":{"start":{"line":267,"column":0},"end":{"line":271,"column":3}},"17":{"start":{"line":272,"column":0},"end":{"line":276,"column":3}},"18":{"start":{"line":278,"column":13},"end":{"line":295,"column":2}},"19":{"start":{"line":296,"column":0},"end":{"line":300,"column":3}},"20":{"start":{"line":301,"column":0},"end":{"line":305,"column":3}},"21":{"start":{"line":307,"column":20},"end":{"line":330,"column":2}},"22":{"start":{"line":331,"column":0},"end":{"line":335,"column":3}},"23":{"start":{"line":336,"column":0},"end":{"line":340,"column":3}},"24":{"start":{"line":341,"column":0},"end":{"line":345,"column":3}},"25":{"start":{"line":346,"column":0},"end":{"line":350,"column":3}},"26":{"start":{"line":353,"column":0},"end":{"line":368,"column":2}}},"fnMap":{},"branchMap":{},"s":{"0":1,"1":1,"2":1,"3":1,"4":1,"5":1,"6":1,"7":1,"8":1,"9":1,"10":1,"11":1,"12":1,"13":1,"14":1,"15":1,"16":1,"17":1,"18":1,"19":1,"20":1,"21":1,"22":1,"23":1,"24":1,"25":1,"26":1},"f":{},"b":{},"_coverageSchema":"1a1c01bbd47fc00a2c39e90264f33305004495a9","hash":"78c7384dcb6cbeeb671107a6d0d0b952fff23e7a"}
}
