{"/home/jheel/Desktop/sim/backend/controller/purchaseController.js": {"path":"/home/jheel/Desktop/sim/backend/controller/purchaseController.js","statementMap":{"0":{"start":{"line":1,"column":63},"end":{"line":1,"column":90}},"1":{"start":{"line":2,"column":15},"end":{"line":2,"column":35}},"2":{"start":{"line":4,"column":22},"end":{"line":30,"column":1}},"3":{"start":{"line":5,"column":4},"end":{"line":29,"column":5}},"4":{"start":{"line":7,"column":26},"end":{"line":7,"column":50}},"5":{"start":{"line":8,"column":29},"end":{"line":12,"column":12}},"6":{"start":{"line":13,"column":32},"end":{"line":20,"column":21}},"7":{"start":{"line":14,"column":31},"end":{"line":14,"column":46}},"8":{"start":{"line":15,"column":12},"end":{"line":17,"column":13}},"9":{"start":{"line":16,"column":16},"end":{"line":16,"column":40}},"10":{"start":{"line":18,"column":12},"end":{"line":18,"column":45}},"11":{"start":{"line":19,"column":12},"end":{"line":19,"column":23}},"12":{"start":{"line":21,"column":42},"end":{"line":24,"column":11}},"13":{"start":{"line":21,"column":69},"end":{"line":24,"column":9}},"14":{"start":{"line":25,"column":8},"end":{"line":25,"column":63}},"15":{"start":{"line":27,"column":8},"end":{"line":27,"column":79}},"16":{"start":{"line":28,"column":8},"end":{"line":28,"column":62}},"17":{"start":{"line":32,"column":20},"end":{"line":51,"column":1}},"18":{"start":{"line":33,"column":4},"end":{"line":50,"column":5}},"19":{"start":{"line":34,"column":23},"end":{"line":34,"column":33}},"20":{"start":{"line":35,"column":25},"end":{"line":35,"column":52}},"21":{"start":{"line":36,"column":8},"end":{"line":38,"column":9}},"22":{"start":{"line":37,"column":12},"end":{"line":37,"column":74}},"23":{"start":{"line":39,"column":8},"end":{"line":39,"column":37}},"24":{"start":{"line":40,"column":29},"end":{"line":40,"column":46}},"25":{"start":{"line":41,"column":8},"end":{"line":45,"column":11}},"26":{"start":{"line":46,"column":8},"end":{"line":46,"column":43}},"27":{"start":{"line":48,"column":8},"end":{"line":48,"column":59}},"28":{"start":{"line":49,"column":8},"end":{"line":49,"column":62}},"29":{"start":{"line":53,"column":20},"end":{"line":93,"column":1}},"30":{"start":{"line":54,"column":4},"end":{"line":92,"column":5}},"31":{"start":{"line":55,"column":44},"end":{"line":55,"column":52}},"32":{"start":{"line":56,"column":26},"end":{"line":56,"column":36}},"33":{"start":{"line":57,"column":29},"end":{"line":57,"column":38}},"34":{"start":{"line":58,"column":18},"end":{"line":58,"column":47}},"35":{"start":{"line":60,"column":8},"end":{"line":88,"column":9}},"36":{"start":{"line":62,"column":32},"end":{"line":66,"column":34}},"37":{"start":{"line":69,"column":12},"end":{"line":77,"column":13}},"38":{"start":{"line":70,"column":16},"end":{"line":76,"column":39}},"39":{"start":{"line":80,"column":12},"end":{"line":80,"column":29}},"40":{"start":{"line":82,"column":12},"end":{"line":82,"column":53}},"41":{"start":{"line":85,"column":12},"end":{"line":85,"column":31}},"42":{"start":{"line":86,"column":12},"end":{"line":86,"column":62}},"43":{"start":{"line":87,"column":12},"end":{"line":87,"column":78}},"44":{"start":{"line":90,"column":8},"end":{"line":90,"column":58}},"45":{"start":{"line":91,"column":8},"end":{"line":91,"column":74}},"46":{"start":{"line":95,"column":24},"end":{"line":130,"column":1}},"47":{"start":{"line":96,"column":4},"end":{"line":129,"column":5}},"48":{"start":{"line":97,"column":23},"end":{"line":97,"column":33}},"49":{"start":{"line":98,"column":18},"end":{"line":98,"column":47}},"50":{"start":{"line":99,"column":8},"end":{"line":125,"column":9}},"51":{"start":{"line":100,"column":29},"end":{"line":100,"column":56}},"52":{"start":{"line":101,"column":12},"end":{"line":104,"column":13}},"53":{"start":{"line":102,"column":16},"end":{"line":102,"column":35}},"54":{"start":{"line":103,"column":16},"end":{"line":103,"column":78}},"55":{"start":{"line":105,"column":32},"end":{"line":105,"column":81}},"56":{"start":{"line":106,"column":37},"end":{"line":111,"column":14}},"57":{"start":{"line":112,"column":12},"end":{"line":115,"column":13}},"58":{"start":{"line":113,"column":16},"end":{"line":113,"column":35}},"59":{"start":{"line":114,"column":16},"end":{"line":114,"column":87}},"60":{"start":{"line":116,"column":12},"end":{"line":116,"column":62}},"61":{"start":{"line":117,"column":12},"end":{"line":117,"column":42}},"62":{"start":{"line":118,"column":12},"end":{"line":118,"column":48}},"63":{"start":{"line":119,"column":12},"end":{"line":119,"column":34}},"64":{"start":{"line":120,"column":12},"end":{"line":120,"column":29}},"65":{"start":{"line":121,"column":12},"end":{"line":121,"column":50}},"66":{"start":{"line":123,"column":12},"end":{"line":123,"column":31}},"67":{"start":{"line":124,"column":12},"end":{"line":124,"column":24}},"68":{"start":{"line":127,"column":8},"end":{"line":127,"column":59}},"69":{"start":{"line":128,"column":8},"end":{"line":128,"column":62}},"70":{"start":{"line":133,"column":0},"end":{"line":138,"column":2}}},"fnMap":{"0":{"name":"(anonymous_0)","decl":{"start":{"line":4,"column":22},"end":{"line":4,"column":23}},"loc":{"start":{"line":4,"column":42},"end":{"line":30,"column":1}},"line":4},"1":{"name":"(anonymous_1)","decl":{"start":{"line":13,"column":52},"end":{"line":13,"column":53}},"loc":{"start":{"line":13,"column":69},"end":{"line":20,"column":9}},"line":13},"2":{"name":"(anonymous_2)","decl":{"start":{"line":21,"column":56},"end":{"line":21,"column":57}},"loc":{"start":{"line":21,"column":69},"end":{"line":24,"column":9}},"line":21},"3":{"name":"(anonymous_3)","decl":{"start":{"line":32,"column":20},"end":{"line":32,"column":21}},"loc":{"start":{"line":32,"column":40},"end":{"line":51,"column":1}},"line":32},"4":{"name":"(anonymous_4)","decl":{"start":{"line":53,"column":20},"end":{"line":53,"column":21}},"loc":{"start":{"line":53,"column":40},"end":{"line":93,"column":1}},"line":53},"5":{"name":"(anonymous_5)","decl":{"start":{"line":95,"column":24},"end":{"line":95,"column":25}},"loc":{"start":{"line":95,"column":44},"end":{"line":130,"column":1}},"line":95}},"branchMap":{"0":{"loc":{"start":{"line":15,"column":12},"end":{"line":17,"column":13}},"type":"if","locations":[{"start":{"line":15,"column":12},"end":{"line":17,"column":13}},{"start":{},"end":{}}],"line":15},"1":{"loc":{"start":{"line":23,"column":26},"end":{"line":23,"column":64}},"type":"binary-expr","locations":[{"start":{"line":23,"column":26},"end":{"line":23,"column":58}},{"start":{"line":23,"column":62},"end":{"line":23,"column":64}}],"line":23},"2":{"loc":{"start":{"line":36,"column":8},"end":{"line":38,"column":9}},"type":"if","locations":[{"start":{"line":36,"column":8},"end":{"line":38,"column":9}},{"start":{},"end":{}}],"line":36},"3":{"loc":{"start":{"line":101,"column":12},"end":{"line":104,"column":13}},"type":"if","locations":[{"start":{"line":101,"column":12},"end":{"line":104,"column":13}},{"start":{},"end":{}}],"line":101},"4":{"loc":{"start":{"line":112,"column":12},"end":{"line":115,"column":13}},"type":"if","locations":[{"start":{"line":112,"column":12},"end":{"line":115,"column":13}},{"start":{},"end":{}}],"line":112}},"s":{"0":1,"1":1,"2":1,"3":2,"4":2,"5":1,"6":1,"7":2,"8":2,"9":2,"10":2,"11":2,"12":1,"13":2,"14":1,"15":1,"16":1,"17":1,"18":3,"19":3,"20":3,"21":2,"22":1,"23":1,"24":1,"25":1,"26":1,"27":1,"28":1,"29":1,"30":2,"31":2,"32":2,"33":2,"34":2,"35":2,"36":2,"37":1,"38":2,"39":1,"40":1,"41":1,"42":1,"43":1,"44":0,"45":0,"46":1,"47":0,"48":0,"49":0,"50":0,"51":0,"52":0,"53":0,"54":0,"55":0,"56":0,"57":0,"58":0,"59":0,"60":0,"61":0,"62":0,"63":0,"64":0,"65":0,"66":0,"67":0,"68":0,"69":0,"70":1},"f":{"0":2,"1":2,"2":2,"3":3,"4":2,"5":0},"b":{"0":[2,0],"1":[2,0],"2":[1,1],"3":[0,0],"4":[0,0]},"_coverageSchema":"1a1c01bbd47fc00a2c39e90264f33305004495a9","hash":"036d88d907b865def0e1d0bfd1bc7999d966fc20"}
}
