TN:
SF:controller/notificationController.js
FN:7,(anonymous_0)
FN:48,(anonymous_1)
FN:57,(anonymous_2)
FN:60,(anonymous_3)
FNF:4
FNH:4
FNDA:3,(anonymous_0)
FNDA:2,(anonymous_1)
FNDA:2,(anonymous_2)
FNDA:2,(anonymous_3)
DA:1,1
DA:2,1
DA:3,1
DA:4,1
DA:5,1
DA:7,1
DA:8,3
DA:9,3
DA:13,3
DA:15,3
DA:17,3
DA:29,2
DA:30,1
DA:36,1
DA:38,1
DA:48,2
DA:54,1
DA:56,1
DA:57,2
DA:60,2
DA:74,1
DA:76,1
DA:78,1
DA:82,1
DA:86,1
LF:25
LH:25
BRDA:29,0,0,1
BRDA:29,0,1,1
BRF:2
BRH:2
end_of_record
TN:
SF:controller/productController.js
FN:3,(anonymous_0)
FN:13,(anonymous_1)
FN:27,addProduct
FN:31,(anonymous_3)
FN:50,(anonymous_4)
FN:73,deleteProduct
FNF:6
FNH:6
FNDA:2,(anonymous_0)
FNDA:3,(anonymous_1)
FNDA:2,addProduct
FNDA:1,(anonymous_3)
FNDA:2,(anonymous_4)
FNDA:3,deleteProduct
DA:1,1
DA:3,1
DA:4,2
DA:5,2
DA:6,1
DA:8,1
DA:9,1
DA:13,1
DA:14,3
DA:15,3
DA:16,3
DA:17,2
DA:18,1
DA:20,1
DA:22,1
DA:23,1
DA:28,2
DA:30,2
DA:31,2
DA:32,1
DA:37,1
DA:42,1
DA:45,1
DA:46,1
DA:50,1
DA:51,2
DA:52,2
DA:53,2
DA:54,2
DA:55,2
DA:56,1
DA:58,1
DA:65,1
DA:68,0
DA:69,0
DA:74,3
DA:76,3
DA:77,3
DA:78,2
DA:79,1
DA:81,1
DA:82,1
DA:84,1
DA:85,1
DA:90,1
LF:45
LH:43
BRDA:17,0,0,1
BRDA:17,0,1,1
BRDA:55,1,0,1
BRDA:55,1,1,1
BRDA:78,2,0,1
BRDA:78,2,1,1
BRF:6
BRH:6
end_of_record
TN:
SF:controller/purchaseController.js
FN:4,(anonymous_0)
FN:13,(anonymous_1)
FN:21,(anonymous_2)
FN:32,(anonymous_3)
FN:53,(anonymous_4)
FN:95,(anonymous_5)
FNF:6
FNH:6
FNDA:2,(anonymous_0)
FNDA:2,(anonymous_1)
FNDA:2,(anonymous_2)
FNDA:3,(anonymous_3)
FNDA:2,(anonymous_4)
FNDA:4,(anonymous_5)
DA:1,1
DA:2,1
DA:4,1
DA:5,2
DA:7,2
DA:8,1
DA:13,1
DA:14,2
DA:15,2
DA:16,2
DA:18,2
DA:19,2
DA:21,2
DA:25,1
DA:27,1
DA:28,1
DA:32,1
DA:33,3
DA:34,3
DA:35,3
DA:36,2
DA:37,1
DA:39,1
DA:40,1
DA:41,1
DA:46,1
DA:48,1
DA:49,1
DA:53,1
DA:54,2
DA:55,2
DA:56,2
DA:57,2
DA:58,2
DA:60,2
DA:62,2
DA:69,1
DA:70,2
DA:80,1
DA:82,1
DA:85,1
DA:86,1
DA:87,1
DA:90,0
DA:91,0
DA:95,1
DA:96,4
DA:97,4
DA:98,4
DA:99,4
DA:100,4
DA:101,3
DA:102,1
DA:103,1
DA:105,2
DA:106,2
DA:112,2
DA:113,1
DA:114,1
DA:116,1
DA:117,1
DA:118,1
DA:119,1
DA:120,1
DA:121,1
DA:123,1
DA:124,1
DA:127,1
DA:128,1
DA:133,1
LF:70
LH:68
BRDA:15,0,0,2
BRDA:15,0,1,0
BRDA:23,1,0,2
BRDA:23,1,1,0
BRDA:36,2,0,1
BRDA:36,2,1,1
BRDA:101,3,0,1
BRDA:101,3,1,2
BRDA:112,4,0,1
BRDA:112,4,1,1
BRF:10
BRH:8
end_of_record
TN:
SF:controller/supplierController.js
FN:3,(anonymous_0)
FN:13,(anonymous_1)
FN:27,(anonymous_2)
FN:43,(anonymous_3)
FNF:4
FNH:4
FNDA:2,(anonymous_0)
FNDA:3,(anonymous_1)
FNDA:2,(anonymous_2)
FNDA:3,(anonymous_3)
DA:1,1
DA:3,1
DA:4,2
DA:5,2
DA:6,1
DA:8,1
DA:9,1
DA:13,1
DA:14,3
DA:15,3
DA:16,3
DA:17,2
DA:18,1
DA:20,1
DA:22,1
DA:23,1
DA:27,1
DA:28,2
DA:29,2
DA:30,2
DA:36,1
DA:38,1
DA:39,1
DA:43,1
DA:44,3
DA:45,3
DA:46,3
DA:47,3
DA:48,3
DA:49,1
DA:51,2
DA:57,1
DA:59,1
DA:60,1
DA:64,1
LF:35
LH:35
BRDA:17,0,0,1
BRDA:17,0,1,1
BRDA:48,1,0,1
BRDA:48,1,1,2
BRF:4
BRH:4
end_of_record
TN:
SF:models/models.js
FNF:0
FNH:0
DA:2,1
DA:4,1
DA:9,1
DA:27,1
DA:53,1
DA:60,1
DA:91,1
DA:122,1
DA:149,1
DA:167,1
DA:190,1
DA:196,1
DA:228,1
DA:229,1
DA:231,1
DA:249,1
DA:267,1
DA:272,1
DA:278,1
DA:296,1
DA:301,1
DA:307,1
DA:331,1
DA:336,1
DA:341,1
DA:346,1
DA:353,1
LF:27
LH:27
BRF:0
BRH:0
end_of_record
